ls        -la        /bin   
total 4848
drwxr-xr-x@ 38 root  wheel     1216 Apr  9 12:05 .
drwxr-xr-x  22 root  admin      704 Apr  9 12:06 ..
-rwxr-xr-x   1 root  wheel    35824 Apr  6 15:39 [
-r-xr-xr-x   1 root  wheel   623472 Apr  6 15:39 bash
-rwxr-xr-x   1 root  wheel    36768 Apr  6 15:39 cat
-rwxr-xr-x   1 root  wheel    47264 Apr  6 15:39 chmod
-rwxr-xr-x   1 root  wheel    42272 Apr  6 15:39 cp
-rwxr-xr-x   1 root  wheel   529424 Apr  6 15:39 csh
-rwxr-xr-x   1 root  wheel   110848 Apr  6 15:39 dash
-rwxr-xr-x   1 root  wheel    41872 Apr  6 15:39 date
-rwxr-xr-x   1 root  wheel    45120 Apr  6 15:39 dd
-rwxr-xr-x   1 root  wheel    36512 Apr  6 15:39 df
-rwxr-xr-x   1 root  wheel    31264 Apr  6 15:39 echo
-rwxr-xr-x   1 root  wheel    67200 Apr  6 15:39 ed
-rwxr-xr-x   1 root  wheel    36240 Apr  6 15:39 expr
-rwxr-xr-x   1 root  wheel    31408 Apr  6 15:39 hostname
-rwxr-xr-x   1 root  wheel    31808 Apr  6 15:39 kill
-r-xr-xr-x   1 root  wheel  1300256 Apr  6 15:39 ksh
-rwxr-xr-x   1 root  wheel   138432 Apr  6 15:39 launchctl
-rwxr-xr-x   1 root  wheel    32176 Apr  6 15:39 link
-rwxr-xr-x   1 root  wheel    32176 Apr  6 15:39 ln
-rwxr-xr-x   1 root  wheel    51888 Apr  6 15:39 ls
-rwxr-xr-x   1 root  wheel    31696 Apr  6 15:39 mkdir
-rwxr-xr-x   1 root  wheel    37472 Apr  6 15:39 mv
-rwxr-xr-x   1 root  wheel   124464 Apr  6 15:39 pax
-rwsr-xr-x   1 root  wheel    64416 Apr  6 15:39 ps
-rwxr-xr-x   1 root  wheel    31392 Apr  6 15:39 pwd
-rwxr-xr-x   1 root  wheel    37296 Apr  6 15:39 rm
-rwxr-xr-x   1 root  wheel    31296 Apr  6 15:39 rmdir
-rwxr-xr-x   1 root  wheel    31440 Apr  6 15:39 sh
-rwxr-xr-x   1 root  wheel    31328 Apr  6 15:39 sleep
-rwxr-xr-x   1 root  wheel    45312 Apr  6 15:39 stty
-rwxr-xr-x   1 root  wheel    30976 Apr  6 15:39 sync
-rwxr-xr-x   1 root  wheel   529424 Apr  6 15:39 tcsh
-rwxr-xr-x   1 root  wheel    35824 Apr  6 15:39 test
-rwxr-xr-x   1 root  wheel    37296 Apr  6 15:39 unlink
-rwxr-xr-x   1 root  wheel    31280 Apr  6 15:39 wait4path
-rwxr-xr-x   1 root  wheel   637632 Apr  6 15:39 zsh
  pwd   
/Users/tiandaliu/Documents/uchicago-courses/operating-system/projects/Shell
	cal	
     April 2020       
Su Mo Tu We Th Fr Sa  
          1  2  3  4  
 5  6  7  8  9 10 11  
12 13 14 15 16 17 18  
19 20 21 22 23 24 25  
26 27 28 _2_9 30        
                      
